10:45:23.662  337  DEBUG fr.sparna.rdf.xls2rdf.app.Convert - Will use output format : text/turtle
10:45:23.668  343  DEBUG fr.sparna.rdf.xls2rdf.app.Convert - Will use ModelWriter : fr.sparna.rdf.xls2rdf.OutputStreamModelWriter
10:45:24.343  1018 DEBUG f.s.rdf.xls2rdf.Xls2RdfConverter - Processing sheet: Sheet1
10:45:24.349  1024 INFO  f.sparna.rdf.xls2rdf.RdfizableSheet - Found proper property in header : http://vocab.ieawindtask32.org/wind-lidar-ontology/
10:45:24.352  1027 INFO  f.sparna.rdf.xls2rdf.RdfizableSheet - Found proper property in header : http://purl.org/pav/
10:45:24.353  1028 INFO  f.sparna.rdf.xls2rdf.RdfizableSheet - Found proper property in header : http://purl.org/dc/elements/1.1/
10:45:24.356  1031 INFO  f.sparna.rdf.xls2rdf.RdfizableSheet - Found proper property in header : http://purl.org/dc/terms/
10:45:24.357  1032 INFO  f.sparna.rdf.xls2rdf.RdfizableSheet - Found proper property in header : http://www.w3.org/1999/02/22-rdf-syntax-ns#
10:45:24.358  1033 INFO  f.sparna.rdf.xls2rdf.RdfizableSheet - Found proper property in header : http://www.w3.org/2000/01/rdf-schema#
10:45:24.368  1043 INFO  f.sparna.rdf.xls2rdf.RdfizableSheet - Found proper property in header : https://orcid.org/0000-0001-9698-5083
10:45:24.369  1044 INFO  f.sparna.rdf.xls2rdf.RdfizableSheet - Found proper property in header : http://orcid.org/0000-0002-9381-9693
10:45:24.370  1045 INFO  f.sparna.rdf.xls2rdf.RdfizableSheet - Found proper property in header : https://orcid.org/0000-0003-1318-9677
10:45:24.376  1051 INFO  f.sparna.rdf.xls2rdf.RdfizableSheet - Found proper property in header : http://www.w3.org/2004/02/skos/core#prefLabel
10:45:24.376  1051 INFO  f.sparna.rdf.xls2rdf.RdfizableSheet - Found proper property in header : http://www.w3.org/2004/02/skos/core#prefLabel
10:45:24.376  1051 INFO  f.sparna.rdf.xls2rdf.RdfizableSheet - Found proper property in header : http://www.w3.org/2004/02/skos/core#prefLabel
10:45:24.377  1052 INFO  f.sparna.rdf.xls2rdf.RdfizableSheet - Found proper property in header : http://www.w3.org/1999/02/22-rdf-syntax-ns#type
10:45:24.377  1052 INFO  f.sparna.rdf.xls2rdf.RdfizableSheet - Found proper property in header : http://www.w3.org/2000/01/rdf-schema#label
10:45:24.377  1052 INFO  f.sparna.rdf.xls2rdf.RdfizableSheet - Found proper property in header : http://www.w3.org/2004/02/skos/core#definition
10:45:24.378  1053 INFO  f.sparna.rdf.xls2rdf.RdfizableSheet - Found proper property in header : http://www.w3.org/2004/02/skos/core#definition
10:45:24.378  1053 INFO  f.sparna.rdf.xls2rdf.RdfizableSheet - Found proper property in header : http://www.w3.org/2004/02/skos/core#definition
10:45:24.379  1054 INFO  f.sparna.rdf.xls2rdf.RdfizableSheet - Found proper property in header : http://www.w3.org/2004/02/skos/core#altLabel
10:45:24.379  1054 INFO  f.sparna.rdf.xls2rdf.RdfizableSheet - Found at least 2 headers with proper property declaration in the first 10 columns, title row is at index 21
10:45:24.380  1055 DEBUG f.s.rdf.xls2rdf.Xls2RdfConverter - Found title row at index 21
10:45:24.386  1061 DEBUG f.s.rdf.xls2rdf.Xls2RdfConverter - Adding value on header object "IEA Wind Task 32 Wind Lidar Ontology" with lang en
10:45:24.390  1065 DEBUG f.s.rdf.xls2rdf.Xls2RdfConverter - Adding value on header object "This glossary is produced and maintained by IEA Wind Task 32." with lang en
10:45:24.391  1066 DEBUG f.s.rdf.xls2rdf.Xls2RdfConverter - Adding value on header object "Suggestions for additions or changes should be made through the glossary repository at https://github.com/IEA-Wind-Task-32/wind-lidar-glossary." with lang en
10:45:24.391  1066 DEBUG f.s.rdf.xls2rdf.Xls2RdfConverter - Adding value on header object "IEA Wind Task 32 Wind Lidar Ontology" with lang en
10:45:24.392  1067 DEBUG f.s.rdf.xls2rdf.Xls2RdfConverter - Adding value on header object "Ontological representation of wind lidar supporting development of modular tools and processes for wind lidars." with lang en
10:45:24.393  1068 DEBUG f.s.rdf.xls2rdf.Xls2RdfConverter - Adding value on header object "IEA Wind Task 32 Wind Lidar Ontology" with lang de
10:45:24.393  1068 DEBUG f.s.rdf.xls2rdf.Xls2RdfConverter - Adding value on header object "Ontological representation of wind lidar supporting development of modular tools and processes for wind lidars." with lang de
10:45:24.393  1068 DEBUG f.s.rdf.xls2rdf.Xls2RdfConverter - Adding value on header object "https://orcid.org/0000-0001-9698-5083" with lang en
10:45:24.394  1069 DEBUG f.s.rdf.xls2rdf.Xls2RdfConverter - Adding value on header object "http://orcid.org/0000-0002-9381-9693" with lang en
10:45:24.395  1070 DEBUG f.s.rdf.xls2rdf.Xls2RdfConverter - Adding value on header object "https://orcid.org/0000-0003-1318-9677" with lang en
10:45:24.396  1071 DEBUG f.s.rdf.xls2rdf.Xls2RdfConverter - Adding value on header object "0.1" with lang en
10:45:24.396  1071 DEBUG f.s.rdf.xls2rdf.Xls2RdfConverter - Adding value on header object "2020-11-06T00:00:00+01:00" with lang en
10:45:24.396  1071 DEBUG f.s.rdf.xls2rdf.Xls2RdfConverter - Adding value on header object "2021-01-13T00:00:00+01:00" with lang en
10:45:24.396  1071 DEBUG f.s.rdf.xls2rdf.Xls2RdfConverter - Converting data with these column headers: 
10:45:24.397  1072 DEBUG f.s.rdf.xls2rdf.Xls2RdfConverter - ColumnHeader [originalValue=Identifier, language=Optional.empty, datatype=Optional.empty, property=null, declaredProperty=Identifier, inverse=false, parameters={}, id=null, reconcileOn=null, headerCell=Identifier]
10:45:24.403  1078 DEBUG f.s.rdf.xls2rdf.Xls2RdfConverter - ColumnHeader [originalValue=skos:prefLabel@en, language=Optional[en], datatype=Optional.empty, property=http://www.w3.org/2004/02/skos/core#prefLabel, declaredProperty=skos:prefLabel, inverse=false, parameters={}, id=null, reconcileOn=null, headerCell=skos:prefLabel@en]
10:45:24.403  1078 DEBUG f.s.rdf.xls2rdf.Xls2RdfConverter - ColumnHeader [originalValue=skos:prefLabel@de, language=Optional[de], datatype=Optional.empty, property=http://www.w3.org/2004/02/skos/core#prefLabel, declaredProperty=skos:prefLabel, inverse=false, parameters={}, id=null, reconcileOn=null, headerCell=skos:prefLabel@de]
10:45:24.404  1079 DEBUG f.s.rdf.xls2rdf.Xls2RdfConverter - ColumnHeader [originalValue=skos:prefLabel@it, language=Optional[it], datatype=Optional.empty, property=http://www.w3.org/2004/02/skos/core#prefLabel, declaredProperty=skos:prefLabel, inverse=false, parameters={}, id=null, reconcileOn=null, headerCell=skos:prefLabel@it]
10:45:24.404  1079 DEBUG f.s.rdf.xls2rdf.Xls2RdfConverter - ColumnHeader [originalValue=rdf:type, language=Optional.empty, datatype=Optional.empty, property=http://www.w3.org/1999/02/22-rdf-syntax-ns#type, declaredProperty=rdf:type, inverse=false, parameters={}, id=null, reconcileOn=null, headerCell=rdf:type]
10:45:24.404  1079 DEBUG f.s.rdf.xls2rdf.Xls2RdfConverter - ColumnHeader [originalValue=rdfs:label, language=Optional.empty, datatype=Optional.empty, property=http://www.w3.org/2000/01/rdf-schema#label, declaredProperty=rdfs:label, inverse=false, parameters={}, id=null, reconcileOn=null, headerCell=rdfs:label]
10:45:24.404  1079 DEBUG f.s.rdf.xls2rdf.Xls2RdfConverter - ColumnHeader [originalValue=skos:definition@en, language=Optional[en], datatype=Optional.empty, property=http://www.w3.org/2004/02/skos/core#definition, declaredProperty=skos:definition, inverse=false, parameters={}, id=null, reconcileOn=null, headerCell=skos:definition@en]
10:45:24.404  1079 DEBUG f.s.rdf.xls2rdf.Xls2RdfConverter - ColumnHeader [originalValue=skos:definition@de, language=Optional[de], datatype=Optional.empty, property=http://www.w3.org/2004/02/skos/core#definition, declaredProperty=skos:definition, inverse=false, parameters={}, id=null, reconcileOn=null, headerCell=skos:definition@de]
10:45:24.404  1079 DEBUG f.s.rdf.xls2rdf.Xls2RdfConverter - ColumnHeader [originalValue=skos:definition@it, language=Optional[it], datatype=Optional.empty, property=http://www.w3.org/2004/02/skos/core#definition, declaredProperty=skos:definition, inverse=false, parameters={}, id=null, reconcileOn=null, headerCell=skos:definition@it]
10:45:24.404  1079 DEBUG f.s.rdf.xls2rdf.Xls2RdfConverter - ColumnHeader [originalValue=skos:altLabel(separator=","), language=Optional.empty, datatype=Optional.empty, property=http://www.w3.org/2004/02/skos/core#altLabel, declaredProperty=skos:altLabel, inverse=false, parameters={separator=,}, id=null, reconcileOn=null, headerCell=skos:altLabel(separator=",")]
10:45:24.404  1079 DEBUG f.s.rdf.xls2rdf.Xls2RdfConverter - ColumnHeader [originalValue=skos:broader(separator=","), language=Optional.empty, datatype=Optional.empty, property=http://www.w3.org/2004/02/skos/core#broader, declaredProperty=skos:broader, inverse=false, parameters={separator=,}, id=null, reconcileOn=null, headerCell=skos:broader(separator=",")]
10:45:24.405  1080 DEBUG f.s.rdf.xls2rdf.Xls2RdfConverter - ColumnHeader [originalValue=ontolidar:units, language=Optional.empty, datatype=Optional.empty, property=http://vocab.ieawindtask32.org/wind-lidar-ontology/units, declaredProperty=ontolidar:units, inverse=false, parameters={}, id=null, reconcileOn=null, headerCell=ontolidar:units]
10:45:24.405  1080 DEBUG f.s.rdf.xls2rdf.Xls2RdfConverter - ColumnHeader [originalValue=skos:related(separator=","), language=Optional.empty, datatype=Optional.empty, property=http://www.w3.org/2004/02/skos/core#related, declaredProperty=skos:related, inverse=false, parameters={separator=,}, id=null, reconcileOn=null, headerCell=skos:related(separator=",")]
10:45:24.405  1080 DEBUG f.s.rdf.xls2rdf.Xls2RdfConverter - ColumnHeader [originalValue=skos:exactMatch(separator=","), language=Optional.empty, datatype=Optional.empty, property=http://www.w3.org/2004/02/skos/core#exactMatch, declaredProperty=skos:exactMatch, inverse=false, parameters={separator=,}, id=null, reconcileOn=null, headerCell=skos:exactMatch(separator=",")]
10:45:24.405  1080 DEBUG f.s.rdf.xls2rdf.Xls2RdfConverter - ColumnHeader [originalValue=dct:creator(separator=","), language=Optional.empty, datatype=Optional.empty, property=http://purl.org/dc/terms/creator, declaredProperty=dct:creator, inverse=false, parameters={separator=,}, id=null, reconcileOn=null, headerCell=dct:creator(separator=",")]
10:45:24.405  1080 DEBUG f.s.rdf.xls2rdf.Xls2RdfConverter - ColumnHeader [originalValue=dct:contributor(separator=","), language=Optional.empty, datatype=Optional.empty, property=http://purl.org/dc/terms/contributor, declaredProperty=dct:contributor, inverse=false, parameters={separator=,}, id=null, reconcileOn=null, headerCell=dct:contributor(separator=",")]
10:45:24.405  1080 DEBUG f.s.rdf.xls2rdf.Xls2RdfConverter - ColumnHeader [originalValue=skos:editorialNote@en, language=Optional[en], datatype=Optional.empty, property=http://www.w3.org/2004/02/skos/core#editorialNote, declaredProperty=skos:editorialNote, inverse=false, parameters={}, id=null, reconcileOn=null, headerCell=skos:editorialNote@en]
10:45:24.405  1080 DEBUG f.s.rdf.xls2rdf.Xls2RdfConverter - ColumnHeader [originalValue=skos:editorialNote@de, language=Optional[de], datatype=Optional.empty, property=http://www.w3.org/2004/02/skos/core#editorialNote, declaredProperty=skos:editorialNote, inverse=false, parameters={}, id=null, reconcileOn=null, headerCell=skos:editorialNote@de]
10:45:24.405  1080 DEBUG f.s.rdf.xls2rdf.Xls2RdfConverter - ColumnHeader [originalValue=skos:editorialNote@it, language=Optional[it], datatype=Optional.empty, property=http://www.w3.org/2004/02/skos/core#editorialNote, declaredProperty=skos:editorialNote, inverse=false, parameters={}, id=null, reconcileOn=null, headerCell=skos:editorialNote@it]
10:45:24.405  1080 DEBUG f.s.rdf.xls2rdf.Xls2RdfConverter - ColumnHeader [originalValue=skos:note@en, language=Optional[en], datatype=Optional.empty, property=http://www.w3.org/2004/02/skos/core#note, declaredProperty=skos:note, inverse=false, parameters={}, id=null, reconcileOn=null, headerCell=skos:note@en]
10:45:24.406  1081 DEBUG f.s.rdf.xls2rdf.Xls2RdfConverter - ColumnHeader [originalValue=skos:note@de, language=Optional[de], datatype=Optional.empty, property=http://www.w3.org/2004/02/skos/core#note, declaredProperty=skos:note, inverse=false, parameters={}, id=null, reconcileOn=null, headerCell=skos:note@de]
10:45:24.407  1082 DEBUG f.s.rdf.xls2rdf.Xls2RdfConverter - ColumnHeader [originalValue=skos:note@it, language=Optional[it], datatype=Optional.empty, property=http://www.w3.org/2004/02/skos/core#note, declaredProperty=skos:note, inverse=false, parameters={}, id=null, reconcileOn=null, headerCell=skos:note@it]
10:45:24.407  1082 INFO  f.s.rdf.xls2rdf.Xls2RdfConverter - Converting rows...
10:45:24.495  1170 INFO  f.s.rdf.xls2rdf.Xls2RdfConverter - Applying SKOS post-processings on the result
10:45:24.495  1170 DEBUG f.s.rdf.xls2rdf.SkosPostProcessor - Postprocessing : SkosPostProcessor
10:45:24.496  1171 DEBUG f.s.rdf.xls2rdf.SkosPostProcessor - Considering main resource like a ConceptScheme.
10:45:24.499  1174 DEBUG f.s.rdf.xls2rdf.SkosPostProcessor - Adding inverse skos:broader and skos:narrower
10:45:24.502  1177 DEBUG f.s.rdf.xls2rdf.SkosPostProcessor - Adding skos:inScheme
10:45:24.503  1178 DEBUG f.s.rdf.xls2rdf.SkosPostProcessor - Setting rdf:type skos:ConceptScheme to main resource
10:45:24.503  1178 DEBUG f.s.rdf.xls2rdf.SkosPostProcessor - Adding skos:hasTopConcept / skos:topConceptOf
10:45:24.506  1181 DEBUG f.s.rdf.xls2rdf.Xls2RdfConverter - Saving graph of 717 statements generated from Sheet Sheet1
